2023-05-22 23:07:03.121  INFO 13952 --- [main] D.deepfakeapi.DeepfakeApiApplication     : Starting DeepfakeApiApplication using Java 13.0.1 on DESKTOP-55F5UCE with PID 13952 (C:\Users\HAYOUNG LEE\Desktop\deepfake-api\build\classes\java\main started by HAYOUNG LEE in C:\Users\HAYOUNG LEE\Desktop\deepfake-api)
2023-05-22 23:07:03.131  INFO 13952 --- [main] D.deepfakeapi.DeepfakeApiApplication     : No active profile set, falling back to 1 default profile: "default"
2023-05-22 23:07:03.933  INFO 13952 --- [main] .s.d.r.c.RepositoryConfigurationDelegate : Bootstrapping Spring Data JPA repositories in DEFAULT mode.
2023-05-22 23:07:03.963  INFO 13952 --- [main] .s.d.r.c.RepositoryConfigurationDelegate : Finished Spring Data repository scanning in 17 ms. Found 0 JPA repository interfaces.
2023-05-22 23:07:04.691  INFO 13952 --- [main] o.s.b.w.embedded.tomcat.TomcatWebServer  : Tomcat initialized with port(s): 9999 (http)
2023-05-22 23:07:04.703  INFO 13952 --- [main] o.apache.catalina.core.StandardService   : Starting service [Tomcat]
2023-05-22 23:07:04.703  INFO 13952 --- [main] org.apache.catalina.core.StandardEngine  : Starting Servlet engine: [Apache Tomcat/9.0.74]
2023-05-22 23:07:04.910  INFO 13952 --- [main] o.a.c.c.C.[Tomcat].[localhost].[/]       : Initializing Spring embedded WebApplicationContext
2023-05-22 23:07:04.911  INFO 13952 --- [main] w.s.c.ServletWebServerApplicationContext : Root WebApplicationContext: initialization completed in 1721 ms
2023-05-22 23:07:05.086  INFO 13952 --- [main] o.hibernate.jpa.internal.util.LogHelper  : HHH000204: Processing PersistenceUnitInfo [name: default]
2023-05-22 23:07:05.180  INFO 13952 --- [main] org.hibernate.Version                    : HHH000412: Hibernate ORM core version 5.6.15.Final
2023-05-22 23:07:05.412  INFO 13952 --- [main] o.hibernate.annotations.common.Version   : HCANN000001: Hibernate Commons Annotations {5.1.2.Final}
2023-05-22 23:07:05.564  INFO 13952 --- [main] com.zaxxer.hikari.HikariDataSource       : HikariPool-1 - Starting...
2023-05-22 23:07:05.673  INFO 13952 --- [main] com.zaxxer.hikari.HikariDataSource       : HikariPool-1 - Start completed.
2023-05-22 23:07:05.704  INFO 13952 --- [main] org.hibernate.dialect.Dialect            : HHH000400: Using dialect: org.hibernate.dialect.MariaDB106Dialect
2023-05-22 23:07:06.499  INFO 13952 --- [main] o.h.e.t.j.p.i.JtaPlatformInitiator       : HHH000490: Using JtaPlatform implementation: [org.hibernate.engine.transaction.jta.platform.internal.NoJtaPlatform]
2023-05-22 23:07:06.514  INFO 13952 --- [main] j.LocalContainerEntityManagerFactoryBean : Initialized JPA EntityManagerFactory for persistence unit 'default'
2023-05-22 23:07:06.813  INFO 13952 --- [main] o.s.s.web.DefaultSecurityFilterChain     : Will secure any request with [org.springframework.security.web.session.DisableEncodeUrlFilter@37364634, org.springframework.security.web.context.request.async.WebAsyncManagerIntegrationFilter@3dec79f8, org.springframework.security.web.context.SecurityContextPersistenceFilter@31f1b268, org.springframework.security.web.header.HeaderWriterFilter@60bc308b, org.springframework.security.web.authentication.logout.LogoutFilter@799fb45e, Deepfake.deepfakeapi.security.JwtAuthenticationFilter@5bf7f15f, org.springframework.security.web.savedrequest.RequestCacheAwareFilter@2833c093, org.springframework.security.web.servletapi.SecurityContextHolderAwareRequestFilter@7598d675, org.springframework.security.web.authentication.AnonymousAuthenticationFilter@14b26e90, org.springframework.security.web.session.SessionManagementFilter@43f99817, org.springframework.security.web.access.ExceptionTranslationFilter@6785df10, org.springframework.security.web.access.intercept.FilterSecurityInterceptor@708f7386]
2023-05-22 23:07:06.816  WARN 13952 --- [main] o.s.s.c.a.web.builders.WebSecurity       : You are asking Spring Security to ignore Ant [pattern='/css/**']. This is not recommended -- please use permitAll via HttpSecurity#authorizeHttpRequests instead.
2023-05-22 23:07:06.817  INFO 13952 --- [main] o.s.s.web.DefaultSecurityFilterChain     : Will not secure Ant [pattern='/css/**']
2023-05-22 23:07:06.817  WARN 13952 --- [main] o.s.s.c.a.web.builders.WebSecurity       : You are asking Spring Security to ignore Ant [pattern='/script/**']. This is not recommended -- please use permitAll via HttpSecurity#authorizeHttpRequests instead.
2023-05-22 23:07:06.818  INFO 13952 --- [main] o.s.s.web.DefaultSecurityFilterChain     : Will not secure Ant [pattern='/script/**']
2023-05-22 23:07:06.818  WARN 13952 --- [main] o.s.s.c.a.web.builders.WebSecurity       : You are asking Spring Security to ignore Ant [pattern='image/**']. This is not recommended -- please use permitAll via HttpSecurity#authorizeHttpRequests instead.
2023-05-22 23:07:06.818  INFO 13952 --- [main] o.s.s.web.DefaultSecurityFilterChain     : Will not secure Ant [pattern='image/**']
2023-05-22 23:07:06.818  WARN 13952 --- [main] o.s.s.c.a.web.builders.WebSecurity       : You are asking Spring Security to ignore Ant [pattern='/fonts/**']. This is not recommended -- please use permitAll via HttpSecurity#authorizeHttpRequests instead.
2023-05-22 23:07:06.819  INFO 13952 --- [main] o.s.s.web.DefaultSecurityFilterChain     : Will not secure Ant [pattern='/fonts/**']
2023-05-22 23:07:06.819  WARN 13952 --- [main] o.s.s.c.a.web.builders.WebSecurity       : You are asking Spring Security to ignore Ant [pattern='lib/**']. This is not recommended -- please use permitAll via HttpSecurity#authorizeHttpRequests instead.
2023-05-22 23:07:06.819  INFO 13952 --- [main] o.s.s.web.DefaultSecurityFilterChain     : Will not secure Ant [pattern='lib/**']
2023-05-22 23:07:06.840  WARN 13952 --- [main] JpaBaseConfiguration$JpaWebConfiguration : spring.jpa.open-in-view is enabled by default. Therefore, database queries may be performed during view rendering. Explicitly configure spring.jpa.open-in-view to disable this warning
2023-05-22 23:07:08.202  INFO 13952 --- [main] o.s.b.w.embedded.tomcat.TomcatWebServer  : Tomcat started on port(s): 9999 (http) with context path ''
2023-05-22 23:07:08.216  INFO 13952 --- [main] D.deepfakeapi.DeepfakeApiApplication     : Started DeepfakeApiApplication in 5.52 seconds (JVM running for 7.23)
2023-05-22 23:07:31.109  INFO 13952 --- [http-nio-9999-exec-1] o.a.c.c.C.[Tomcat].[localhost].[/]       : Initializing Spring DispatcherServlet 'dispatcherServlet'
2023-05-22 23:07:31.111  INFO 13952 --- [http-nio-9999-exec-1] o.s.web.servlet.DispatcherServlet        : Initializing Servlet 'dispatcherServlet'
2023-05-22 23:07:31.112  INFO 13952 --- [http-nio-9999-exec-1] o.s.web.servlet.DispatcherServlet        : Completed initialization in 1 ms
2023-05-22 23:12:32.069  INFO 13952 --- [SpringApplicationShutdownHook] j.LocalContainerEntityManagerFactoryBean : Closing JPA EntityManagerFactory for persistence unit 'default'
2023-05-22 23:12:32.070  INFO 13952 --- [SpringApplicationShutdownHook] com.zaxxer.hikari.HikariDataSource       : HikariPool-1 - Shutdown initiated...
2023-05-22 23:12:32.074  INFO 13952 --- [SpringApplicationShutdownHook] com.zaxxer.hikari.HikariDataSource       : HikariPool-1 - Shutdown completed.
